<?xml version="1.0" encoding="UTF-8"?>
<!-- Generated by org.testng.reporters.JUnitXMLReporter -->
<testsuite ignored="0" hostname="CSCO-W-PF40A4W2" failures="1" tests="1" name="Test" time="262.517" errors="0" timestamp="04 Mar 2023 12:15:51 GMT">
  <testcase classname="com.test.mobile.TestngClass" name="TestRestaurant" time="185.806">
    <failure type="org.openqa.selenium.NoSuchElementException" message="An element could not be located on the page using the given search parameters.
For documentation on this error, please visit: https://selenium.dev/exceptions/#no_such_element
Build info: version: &amp;apos;4.8.1&amp;apos;, revision: &amp;apos;8ebccac989&amp;apos;
System info: os.name: &amp;apos;Windows 10&amp;apos;, os.arch: &amp;apos;amd64&amp;apos;, os.version: &amp;apos;10.0&amp;apos;, java.version: &amp;apos;11.0.16.1&amp;apos;
Driver info: io.appium.java_client.android.AndroidDriver
Command: [d4cf6513-f62a-499c-abb4-929bba3a0029, findElement {using=xpath, value=(//android.widget.TextView[@content-desc=&amp;quot;price â‚¹299 rupees&amp;quot;])[1]}]
Capabilities {appium:appActivity: in.swiggy.android.activitie..., appium:appPackage: in.swiggy.android, appium:databaseEnabled: false, appium:desired: {appActivity: in.swiggy.android.activitie..., appPackage: in.swiggy.android, platformName: android, platformVersion: 11}, appium:deviceApiLevel: 30, appium:deviceManufacturer: Google, appium:deviceModel: sdk_gphone_x86, appium:deviceName: emulator-5554, appium:deviceScreenDensity: 420, appium:deviceScreenSize: 1080x1920, appium:deviceUDID: emulator-5554, appium:javascriptEnabled: true, appium:locationContextEnabled: false, appium:networkConnectionEnabled: true, appium:pixelRatio: 2.625, appium:platformVersion: 11, appium:statBarHeight: 63, appium:takesScreenshot: true, appium:viewportRect: {height: 1731, left: 0, top: 63, width: 1080}, appium:warnings: {}, appium:webStorageEnabled: false, platformName: ANDROID}
Session ID: d4cf6513-f62a-499c-abb4-929bba3a0029">
      <![CDATA[org.openqa.selenium.NoSuchElementException: An element could not be located on the page using the given search parameters.
For documentation on this error, please visit: https://selenium.dev/exceptions/#no_such_element
Build info: version: '4.8.1', revision: '8ebccac989'
System info: os.name: 'Windows 10', os.arch: 'amd64', os.version: '10.0', java.version: '11.0.16.1'
Driver info: io.appium.java_client.android.AndroidDriver
Command: [d4cf6513-f62a-499c-abb4-929bba3a0029, findElement {using=xpath, value=(//android.widget.TextView[@content-desc="price â‚¹299 rupees"])[1]}]
Capabilities {appium:appActivity: in.swiggy.android.activitie..., appium:appPackage: in.swiggy.android, appium:databaseEnabled: false, appium:desired: {appActivity: in.swiggy.android.activitie..., appPackage: in.swiggy.android, platformName: android, platformVersion: 11}, appium:deviceApiLevel: 30, appium:deviceManufacturer: Google, appium:deviceModel: sdk_gphone_x86, appium:deviceName: emulator-5554, appium:deviceScreenDensity: 420, appium:deviceScreenSize: 1080x1920, appium:deviceUDID: emulator-5554, appium:javascriptEnabled: true, appium:locationContextEnabled: false, appium:networkConnectionEnabled: true, appium:pixelRatio: 2.625, appium:platformVersion: 11, appium:statBarHeight: 63, appium:takesScreenshot: true, appium:viewportRect: {height: 1731, left: 0, top: 63, width: 1080}, appium:warnings: {}, appium:webStorageEnabled: false, platformName: ANDROID}
Session ID: d4cf6513-f62a-499c-abb4-929bba3a0029
at org.openqa.selenium.remote.codec.w3c.W3CHttpResponseCodec.createException(W3CHttpResponseCodec.java:200)
at org.openqa.selenium.remote.codec.w3c.W3CHttpResponseCodec.decode(W3CHttpResponseCodec.java:133)
at org.openqa.selenium.remote.codec.w3c.W3CHttpResponseCodec.decode(W3CHttpResponseCodec.java:53)
at org.openqa.selenium.remote.HttpCommandExecutor.execute(HttpCommandExecutor.java:184)
at io.appium.java_client.remote.AppiumCommandExecutor.execute(AppiumCommandExecutor.java:262)
at org.openqa.selenium.remote.RemoteWebDriver.execute(RemoteWebDriver.java:543)
at org.openqa.selenium.remote.ElementLocation$ElementFinder$2.findElement(ElementLocation.java:162)
at org.openqa.selenium.remote.ElementLocation.findElement(ElementLocation.java:60)
at org.openqa.selenium.remote.RemoteWebDriver.findElement(RemoteWebDriver.java:352)
at org.openqa.selenium.remote.RemoteWebDriver.findElement(RemoteWebDriver.java:344)
at com.test.mobile.TestngClass.TestRestaurant(TestngClass.java:210)
... Removed 33 stack frames]]>
    </failure>
  </testcase> <!-- TestRestaurant -->
</testsuite> <!-- Test -->
