<?xml version="1.0" encoding="UTF-8"?>
<testsuite xmlns:xsi="http://www.w3.org/2001/XMLSchema-instance" xsi:noNamespaceSchemaLocation="https://maven.apache.org/surefire/maven-surefire-plugin/xsd/surefire-test-report-3.0.xsd" version="3.0" name="TestSuite" time="264.888" tests="1" errors="0" skipped="0" failures="1">
  <properties>
[...]
</properties>
  <testcase name="TestRestaurant" classname="com.test.mobile.TestngClass" time="185.829">
    <failure message="An element could not be located on the page using the given search parameters.&#10;For documentation on this error, please visit: https://selenium.dev/exceptions/#no_such_element&#10;Build info: version: &apos;4.8.1&apos;, revision: &apos;8ebccac989&apos;&#10;System info: os.name: &apos;Windows 10&apos;, os.arch: &apos;amd64&apos;, os.version: &apos;10.0&apos;, java.version: &apos;11.0.16.1&apos;&#10;Driver info: io.appium.java_client.android.AndroidDriver&#10;Command: [d4cf6513-f62a-499c-abb4-929bba3a0029, findElement {using=xpath, value=(//android.widget.TextView[@content-desc=&quot;price â‚¹299 rupees&quot;])[1]}]&#10;Capabilities {appium:appActivity: in.swiggy.android.activitie..., appium:appPackage: in.swiggy.android, appium:databaseEnabled: false, appium:desired: {appActivity: in.swiggy.android.activitie..., appPackage: in.swiggy.android, platformName: android, platformVersion: 11}, appium:deviceApiLevel: 30, appium:deviceManufacturer: Google, appium:deviceModel: sdk_gphone_x86, appium:deviceName: emulator-5554, appium:deviceScreenDensity: 420, appium:deviceScreenSize: 1080x1920, appium:deviceUDID: emulator-5554, appium:javascriptEnabled: true, appium:locationContextEnabled: false, appium:networkConnectionEnabled: true, appium:pixelRatio: 2.625, appium:platformVersion: 11, appium:statBarHeight: 63, appium:takesScreenshot: true, appium:viewportRect: {height: 1731, left: 0, top: 63, width: 1080}, appium:warnings: {}, appium:webStorageEnabled: false, platformName: ANDROID}&#10;Session ID: d4cf6513-f62a-499c-abb4-929bba3a0029" type="org.openqa.selenium.NoSuchElementException"><![CDATA[org.openqa.selenium.NoSuchElementException: 
An element could not be located on the page using the given search parameters.
For documentation on this error, please visit: https://selenium.dev/exceptions/#no_such_element
Build info: version: '4.8.1', revision: '8ebccac989'
System info: os.name: 'Windows 10', os.arch: 'amd64', os.version: '10.0', java.version: '11.0.16.1'
Driver info: io.appium.java_client.android.AndroidDriver
Command: [d4cf6513-f62a-499c-abb4-929bba3a0029, findElement {using=xpath, value=(//android.widget.TextView[@content-desc="price â‚¹299 rupees"])[1]}]
Capabilities {appium:appActivity: in.swiggy.android.activitie..., appium:appPackage: in.swiggy.android, appium:databaseEnabled: false, appium:desired: {appActivity: in.swiggy.android.activitie..., appPackage: in.swiggy.android, platformName: android, platformVersion: 11}, appium:deviceApiLevel: 30, appium:deviceManufacturer: Google, appium:deviceModel: sdk_gphone_x86, appium:deviceName: emulator-5554, appium:deviceScreenDensity: 420, appium:deviceScreenSize: 1080x1920, appium:deviceUDID: emulator-5554, appium:javascriptEnabled: true, appium:locationContextEnabled: false, appium:networkConnectionEnabled: true, appium:pixelRatio: 2.625, appium:platformVersion: 11, appium:statBarHeight: 63, appium:takesScreenshot: true, appium:viewportRect: {height: 1731, left: 0, top: 63, width: 1080}, appium:warnings: {}, appium:webStorageEnabled: false, platformName: ANDROID}
Session ID: d4cf6513-f62a-499c-abb4-929bba3a0029
	at java.base/jdk.internal.reflect.NativeConstructorAccessorImpl.newInstance0(Native Method)
	at java.base/jdk.internal.reflect.NativeConstructorAccessorImpl.newInstance(NativeConstructorAccessorImpl.java:62)
	at java.base/jdk.internal.reflect.DelegatingConstructorAccessorImpl.newInstance(DelegatingConstructorAccessorImpl.java:45)
	at java.base/java.lang.reflect.Constructor.newInstance(Constructor.java:490)
	at org.openqa.selenium.remote.codec.w3c.W3CHttpResponseCodec.createException(W3CHttpResponseCodec.java:200)
	at org.openqa.selenium.remote.codec.w3c.W3CHttpResponseCodec.decode(W3CHttpResponseCodec.java:133)
	at org.openqa.selenium.remote.codec.w3c.W3CHttpResponseCodec.decode(W3CHttpResponseCodec.java:53)
	at org.openqa.selenium.remote.HttpCommandExecutor.execute(HttpCommandExecutor.java:184)
	at io.appium.java_client.remote.AppiumCommandExecutor.execute(AppiumCommandExecutor.java:262)
	at org.openqa.selenium.remote.RemoteWebDriver.execute(RemoteWebDriver.java:543)
	at org.openqa.selenium.remote.ElementLocation$ElementFinder$2.findElement(ElementLocation.java:162)
	at org.openqa.selenium.remote.ElementLocation.findElement(ElementLocation.java:60)
	at org.openqa.selenium.remote.RemoteWebDriver.findElement(RemoteWebDriver.java:352)
	at org.openqa.selenium.remote.RemoteWebDriver.findElement(RemoteWebDriver.java:344)
	at com.test.mobile.TestngClass.TestRestaurant(TestngClass.java:210)
	at java.base/jdk.internal.reflect.NativeMethodAccessorImpl.invoke0(Native Method)
	at java.base/jdk.internal.reflect.NativeMethodAccessorImpl.invoke(NativeMethodAccessorImpl.java:62)
	at java.base/jdk.internal.reflect.DelegatingMethodAccessorImpl.invoke(DelegatingMethodAccessorImpl.java:43)
	at java.base/java.lang.reflect.Method.invoke(Method.java:566)
	at org.testng.internal.MethodInvocationHelper.invokeMethod(MethodInvocationHelper.java:124)
	at org.testng.internal.Invoker.invokeMethod(Invoker.java:583)
	at org.testng.internal.Invoker.invokeTestMethod(Invoker.java:719)
	at org.testng.internal.Invoker.invokeTestMethods(Invoker.java:989)
	at org.testng.internal.TestMethodWorker.invokeTestMethods(TestMethodWorker.java:125)
	at org.testng.internal.TestMethodWorker.run(TestMethodWorker.java:109)
	at org.testng.TestRunner.privateRun(TestRunner.java:648)
	at org.testng.TestRunner.run(TestRunner.java:505)
	at org.testng.SuiteRunner.runTest(SuiteRunner.java:455)
	at org.testng.SuiteRunner.runSequentially(SuiteRunner.java:450)
	at org.testng.SuiteRunner.privateRun(SuiteRunner.java:415)
	at org.testng.SuiteRunner.run(SuiteRunner.java:364)
	at org.testng.SuiteRunnerWorker.runSuite(SuiteRunnerWorker.java:52)
	at org.testng.SuiteRunnerWorker.run(SuiteRunnerWorker.java:84)
	at org.testng.TestNG.runSuitesSequentially(TestNG.java:1208)
	at org.testng.TestNG.runSuitesLocally(TestNG.java:1137)
	at org.testng.TestNG.runSuites(TestNG.java:1049)
	at org.testng.TestNG.run(TestNG.java:1017)
	at org.apache.maven.surefire.testng.TestNGExecutor.run(TestNGExecutor.java:324)
	at org.apache.maven.surefire.testng.TestNGXmlTestSuite.execute(TestNGXmlTestSuite.java:74)
	at org.apache.maven.surefire.testng.TestNGProvider.invoke(TestNGProvider.java:123)
	at org.apache.maven.surefire.booter.ForkedBooter.runSuitesInProcess(ForkedBooter.java:456)
	at org.apache.maven.surefire.booter.ForkedBooter.execute(ForkedBooter.java:169)
	at org.apache.maven.surefire.booter.ForkedBooter.run(ForkedBooter.java:595)
	at org.apache.maven.surefire.booter.ForkedBooter.main(ForkedBooter.java:581)
]]></failure>
    <system-out><![CDATA[[TestNGContentHandler] [WARN] It is strongly recommended to add "<!DOCTYPE suite SYSTEM "http://testng.org/testng-1.0.dtd" >" at the top of your file, otherwise TestNG may fail or not work as expected.
2023-03-04 17:41:27.977
04032023_054127
Test started
C:\Users\sowparth\ws_selenium\Phase4MobApp\ReportsExecution_04032023_054127.html
d4cf6513-f62a-499c-abb4-929bba3a0029
TestRestaurant Starting
Test
14
Biryani
Biryani
Dish
Dish
Chicken Biryani
Chicken Biryani
Dish
Dish
Chicken Boneless Biryani
Chicken Boneless Biryani
Dish
Dish
Meghana Special Biryani
Meghana Special Biryani
Dish
Dish
Paneer Biryani
Paneer Biryani
Dish
Dish
Biryani Rice
Biryani Rice
Dish
Dish
Mani's Dum Biryani
Mani's Dum Biryani
Restaurant
Restaurant
Dindigul Thalappakatti
Restaurant  name matches
1080
1794
Meghana Foods
Restaurant  name matches
1080
1794
Anandha Biryani House
Restaurant  name doesn't matches
1080
1794
Nandhana Palace
Restaurant  name matches
1080
1794
Paradise Biryani
Restaurant  name matches
1080
1794
Shanmukha Restaurant
Restaurant  name matches
1080
1794
1080
1794
1080
1794
1080
1794
1080
1794
1080
1794
1080
1794
printing startsX74
printing startsY847
printing width 419
₹299
TestRestaurant test FAiled
]]></system-out>
    <system-err><![CDATA[SLF4J: No SLF4J providers were found.
SLF4J: Defaulting to no-operation (NOP) logger implementation
SLF4J: See https://www.slf4j.org/codes.html#noProviders for further details.
]]></system-err>
  </testcase>
</testsuite>